2025-06-18 16:55:25,893 - bot - INFO - Користувач LeiCo (ID: 6675946394) виконав вхід як адміністратор
2025-06-18 17:03:07,900 - bot - INFO - Користувач LeiCo (ID: 6675946394) виконав вхід як адміністратор
2025-06-18 17:03:34,395 - bot - INFO - Користувач LeiCo (ID: 6675946394) виконав вхід як адміністратор
2025-06-19 11:37:16,509 - bot - INFO - Користувач LeiCo (ID: 6675946394) виконав вхід як адміністратор
2025-06-19 11:37:48,243 - bot - INFO - Користувач Степан (ID: 711361986) виконав вхід як користувач
2025-06-19 11:38:05,850 - bot - INFO - Користувач LeiCo (ID: 6675946394) виконав вхід як адміністратор
2025-06-19 11:41:05,515 - bot - INFO - Користувач Степан (ID: 711361986) виконав вхід як користувач
2025-06-19 11:41:29,005 - bot - INFO - Користувач LeiCo (ID: 6675946394) виконав вхід як адміністратор
2025-06-19 14:43:37,884 - bot - INFO - Користувач LeiCo (ID: 6675946394) виконав вхід як адміністратор
2025-06-23 10:10:53,044 - bot - INFO - Користувач LeiCo (ID: 6675946394) виконав вхід як адміністратор
2025-06-23 13:07:55,975 - bot - INFO - Користувач LeiCo (ID: 6675946394) виконав вхід як адміністратор
2025-06-23 13:08:19,761 - bot - INFO - Користувач LeiCo (ID: 6675946394) виконав вхід як адміністратор
2025-06-23 13:09:46,253 - bot - INFO - Користувач LeiCo (ID: 6675946394) виконав вхід як адміністратор
2025-06-23 13:11:51,724 - bot - INFO - Користувач LeiCo (ID: 6675946394) виконав вхід як адміністратор
2025-06-23 13:11:59,280 - bot - INFO - Користувач LeiCo (ID: 6675946394) виконав вхід як адміністратор
2025-06-23 13:13:39,389 - bot - INFO - Користувач LeiCo (ID: 6675946394) виконав вхід як адміністратор
2025-06-23 13:13:48,609 - bot - INFO - Користувач LeiCo (ID: 6675946394) виконав вхід як адміністратор
2025-06-23 13:18:12,367 - bot - INFO - Користувач LeiCo (ID: 6675946394) виконав вхід як адміністратор
2025-06-23 13:18:21,946 - bot - INFO - Користувач LeiCo (ID: 6675946394) виконав вхід як адміністратор
2025-06-23 13:20:25,378 - bot - INFO - Користувач LeiCo (ID: 6675946394) виконав вхід як адміністратор
2025-06-23 13:21:28,562 - bot - INFO - Користувач LeiCo (ID: 6675946394) виконав вхід як адміністратор
2025-06-23 13:22:30,441 - bot - INFO - Користувач LeiCo (ID: 6675946394) виконав вхід як адміністратор
2025-06-23 13:25:56,722 - bot - INFO - Користувач LeiCo (ID: 6675946394) виконав вхід як адміністратор
2025-06-23 13:27:01,714 - bot - INFO - Користувач LeiCo (ID: 6675946394) виконав вхід як адміністратор
2025-06-23 13:32:34,252 - bot - INFO - Користувач Степан (ID: 711361986) виконав вхід як користувач
2025-06-23 13:41:49,048 - bot - INFO - Користувач Степан (ID: 711361986) хоче пройти верифікацію лікаря
2025-06-23 13:42:56,123 - bot - INFO - Користувач Степан (ID: 711361986) хоче пройти верифікацію лікаря
2025-06-23 13:43:11,440 - bot - INFO - Користувач Степан (ID: 711361986) пройшов верифікацію лікаря
2025-06-23 13:46:30,827 - bot - INFO - Користувач LeiCo (ID: 6675946394) виконав вхід як користувач
2025-06-23 13:55:45,713 - bot - INFO - Користувач LeiCo (ID: 6675946394) виконав вхід як адміністратор
2025-06-23 13:57:06,833 - bot - INFO - Користувач Степан (ID: 711361986) виконав вхід як користувач
2025-06-23 13:57:11,151 - bot - INFO - Користувач Степан (ID: 711361986) хоче пройти верифікацію лікаря
2025-06-23 13:57:14,016 - bot - WARNING - Користувач Степан (ID: 711361986) ввів непривильний пароль до верифікації лікаря
2025-06-23 13:57:19,241 - bot - WARNING - Користувач Степан (ID: 711361986) ввів непривильний пароль до верифікації лікаря
2025-06-23 13:57:21,880 - bot - WARNING - Користувач Степан (ID: 711361986) ввів непривильний пароль до верифікації лікаря
2025-06-23 13:57:32,603 - bot - INFO - Користувач Степан (ID: 711361986) пройшов верифікацію лікаря
2025-06-23 14:01:18,558 - bot - INFO - Користувач LeiCo (ID: 6675946394) виконав вхід як користувач
2025-06-23 14:02:11,151 - bot - INFO - Користувач LeiCo (ID: 6675946394) виконав вхід як адміністратор
2025-06-23 14:19:33,227 - bot - INFO - Користувач Степан (ID: 711361986) хоче пройти верифікацію лікаря
2025-06-23 14:19:44,447 - bot - INFO - Користувач Степан (ID: 711361986) пройшов верифікацію лікаря
2025-06-23 16:14:57,617 - bot - INFO - Користувач LeiCo (ID: 6675946394) виконав вхід як адміністратор
2025-06-23 16:23:01,335 - bot - INFO - Користувач LeiCo (ID: 6675946394) виконав вхід як адміністратор
2025-06-23 16:33:57,647 - bot - INFO - Користувач LeiCo (ID: 6675946394) увійшов як адміністратор
2025-06-23 16:34:31,423 - bot - INFO - Користувач Степан (ID: 711361986) увійшов як користувач
2025-06-23 16:36:35,365 - bot - INFO - Користувач LeiCo (ID: 6675946394) увійшов як адміністратор
2025-06-23 16:37:23,887 - bot - INFO - Користувач LeiCo (ID: 6675946394) увійшов як адміністратор
2025-06-23 16:37:48,332 - bot - INFO - Користувач Степан (ID: 711361986) хоче пройти верифікацію лікаря
2025-06-23 16:37:51,605 - bot - INFO - Користувач Степан (ID: 711361986) пройшов верифікацію лікаря
2025-06-23 16:38:09,492 - bot - INFO - Користувач Степан (ID: 711361986) увійшов як лікар
2025-06-23 16:38:33,884 - bot - INFO - Користувач Степан (ID: 711361986) увійшов як лікар
2025-06-24 10:36:28,738 - bot - INFO - Користувач Степан (ID: 711361986) увійшов як лікар
2025-06-24 10:36:44,279 - bot - INFO - Користувач LeiCo (ID: 6675946394) увійшов як адміністратор
2025-06-24 10:37:08,080 - bot - INFO - Користувач LeiCo (ID: 6675946394) увійшов як адміністратор
2025-06-24 10:37:43,720 - bot - INFO - Користувач LeiCo (ID: 6675946394) увійшов як адміністратор
2025-06-24 10:37:56,053 - bot - INFO - Користувач Степан (ID: 711361986) увійшов як користувач
2025-06-24 10:38:22,513 - bot - INFO - Користувач Степан (ID: 711361986) увійшов як користувач
2025-06-24 10:39:10,842 - bot - INFO - Користувач Степан (ID: 711361986) увійшов як користувач
2025-06-24 15:17:05,711 - bot - INFO - Користувач LeiCo (ID: 6675946394) увійшов як адміністратор
2025-06-24 15:17:13,119 - bot - INFO - Користувач Степан (ID: 711361986) хоче пройти верифікацію лікаря
2025-06-24 15:17:37,392 - bot - INFO - Користувач Степан (ID: 711361986) пройшов верифікацію лікаря
2025-06-24 15:18:02,673 - bot - INFO - Користувач Степан (ID: 711361986) увійшов як лікар
2025-06-24 15:18:27,827 - bot - INFO - Користувач LeiCo (ID: 6675946394) увійшов як адміністратор
2025-06-24 15:22:00,361 - bot - INFO - Користувач Степан (ID: 711361986) увійшов як користувач
2025-06-24 15:22:53,039 - bot - INFO - Користувач Степан (ID: 711361986) увійшов як користувач
2025-06-24 15:25:01,991 - bot - INFO - Користувач Степан (ID: 711361986) увійшов як користувач
2025-06-24 15:40:45,434 - bot - INFO - Користувач Степан (ID: 711361986) увійшов як користувач
2025-06-24 15:47:25,067 - bot - INFO - Користувач Степан (ID: 711361986) увійшов як користувач
2025-06-24 15:48:30,731 - bot - INFO - Користувач Степан (ID: 711361986) увійшов як користувач
2025-06-24 15:49:45,736 - bot - INFO - Користувач Степан (ID: 711361986) увійшов як користувач
2025-06-24 15:50:38,591 - bot - INFO - Користувач Степан (ID: 711361986) увійшов як користувач
2025-06-24 15:53:01,335 - bot - INFO - Користувач Степан (ID: 711361986) увійшов як користувач
2025-06-24 15:55:19,344 - bot - INFO - Користувач Степан (ID: 711361986) увійшов як користувач
2025-06-24 15:55:32,027 - bot - INFO - Користувач Степан (ID: 711361986) увійшов як користувач
2025-06-24 15:55:37,471 - bot - INFO - Користувач Степан (ID: 711361986) увійшов як користувач
2025-06-24 16:11:09,810 - bot - INFO - Користувач Степан (ID: 711361986) увійшов як користувач
2025-06-24 16:30:50,144 - bot - INFO - Користувач Степан (ID: 711361986) увійшов як користувач
2025-06-24 16:31:02,178 - bot - INFO - id_doctor, date_record, time_record, create_at, note
2025-06-24 16:31:29,534 - bot - INFO - Користувач Степан (ID: 711361986) увійшов як користувач
2025-06-24 16:31:39,084 - bot - INFO - ('4', '2025-06-26', ' 15:00', datetime.date(2025, 6, 24), 'ghghghhg')
2025-06-24 16:35:51,619 - bot - INFO - Користувач Степан (ID: 711361986) увійшов як користувач
2025-06-24 16:36:09,715 - bot - INFO - ('4', '2025-06-25', '18:00', datetime.date(2025, 6, 24), 'Прививка')
2025-06-24 16:41:06,895 - bot - INFO - Користувач Степан (ID: 711361986) увійшов як користувач
2025-06-24 16:41:19,797 - bot - INFO - ('4', '2025-06-27', ' 12:00', datetime.date(2025, 6, 24), 'Огляд')
2025-06-24 16:41:19,889 - bot - INFO - Користувач Степан (ID: 711361986) записався до лікаря Лікар Іван 2025-06-27 числа на  12:00
2025-06-24 16:44:29,405 - bot - INFO - Користувач Степан (ID: 711361986) увійшов як користувач
2025-06-24 16:44:43,958 - bot - INFO - ('4', '2025-06-25', ' 10:00', datetime.date(2025, 6, 24), 'Огляд')
2025-06-24 16:44:44,071 - bot - INFO - Користувач Степан (ID: 711361986) записався до лікаря Лікар Іван 2025-06-25 числа на  10:00
2025-06-24 16:44:46,424 - bot - INFO - Користувач Степан (ID: 711361986) увійшов як користувач
2025-06-25 11:45:33,060 - bot - INFO - Користувач Степан (ID: 711361986) увійшов як користувач
2025-06-25 11:45:39,389 - bot - INFO - Користувач Степан (ID: 711361986) хоче пройти верифікацію лікаря
2025-06-25 11:45:47,277 - bot - WARNING - Користувач Степан (ID: 711361986) ввів непривильний пароль до верифікації лікаря
2025-06-25 11:45:51,345 - bot - INFO - Користувач Степан (ID: 711361986) хоче пройти верифікацію лікаря
2025-06-25 11:45:52,924 - bot - INFO - Користувач Степан (ID: 711361986) увійшов як користувач
2025-06-25 11:47:17,577 - bot - INFO - Користувач Степан (ID: 711361986) увійшов як лікар
2025-06-25 12:14:51,480 - bot - INFO - Користувач Степан (ID: 711361986) увійшов як лікар
2025-06-25 12:15:55,147 - bot - INFO - Користувач Степан (ID: 711361986) увійшов як лікар
2025-06-25 12:16:03,491 - bot - INFO - Користувач Степан (ID: 711361986) увійшов як лікар
2025-06-25 12:27:52,704 - bot - INFO - Користувач Степан (ID: 711361986) увійшов як лікар
2025-06-25 12:28:58,016 - bot - INFO - Користувач Степан (ID: 711361986) увійшов як лікар
2025-06-25 12:29:14,041 - bot - INFO - Користувач Степан (ID: 711361986) увійшов як лікар
2025-06-25 15:11:53,522 - bot - INFO - Користувач Степан (ID: 711361986) увійшов як користувач
2025-06-25 15:12:20,744 - bot - INFO - [APP] Дані запису: 4, 2025-06-30, 20:00, 2025-06-25, Прививка
2025-06-25 15:12:20,902 - bot - INFO - Користувач Степан (ID: 711361986) записався до лікаря Лікар Іван 2025-06-30 числа на 20:00
2025-06-25 15:12:21,467 - bot - WARNING - ❌ Лікар Лікар Іван (ID: 711361987) — чат не знайдено.
2025-06-25 15:12:25,066 - bot - INFO - Користувач Степан (ID: 711361986) увійшов як користувач
